c:\users\asian\desktop\of_v0.10.0_vs2017_release\of_v0.10.0_vs2017_release\apps\myapps\piscis\obj\debug\src\main.obj
c:\users\asian\desktop\of_v0.10.0_vs2017_release\of_v0.10.0_vs2017_release\apps\myapps\piscis\obj\debug\src\ofapp.obj
c:\users\asian\desktop\of_v0.10.0_vs2017_release\of_v0.10.0_vs2017_release\apps\myapps\addons\ofxassimpmodelloader\src\ofxassimpmodelloader.obj
c:\users\asian\desktop\of_v0.10.0_vs2017_release\of_v0.10.0_vs2017_release\apps\myapps\addons\ofxassimpmodelloader\src\ofxassimpmeshhelper.obj
c:\users\asian\desktop\of_v0.10.0_vs2017_release\of_v0.10.0_vs2017_release\apps\myapps\addons\ofxassimpmodelloader\src\ofxassimpanimation.obj
c:\users\asian\desktop\of_v0.10.0_vs2017_release\of_v0.10.0_vs2017_release\apps\myapps\addons\ofxassimpmodelloader\src\ofxassimptexture.obj
c:\users\asian\desktop\of_v0.10.0_vs2017_release\of_v0.10.0_vs2017_release\apps\myapps\piscis\obj\debug\vc141.pdb
c:\users\asian\desktop\of_v0.10.0_vs2017_release\of_v0.10.0_vs2017_release\apps\myapps\addons\ofxgui\src\ofxpanel.obj
c:\users\asian\desktop\of_v0.10.0_vs2017_release\of_v0.10.0_vs2017_release\apps\myapps\addons\ofxgui\src\ofxguigroup.obj
c:\users\asian\desktop\of_v0.10.0_vs2017_release\of_v0.10.0_vs2017_release\apps\myapps\addons\ofxgui\src\ofxcolorpicker.obj
c:\users\asian\desktop\of_v0.10.0_vs2017_release\of_v0.10.0_vs2017_release\apps\myapps\addons\ofxgui\src\ofxslider.obj
c:\users\asian\desktop\of_v0.10.0_vs2017_release\of_v0.10.0_vs2017_release\apps\myapps\addons\ofxgui\src\ofxbasegui.obj
c:\users\asian\desktop\of_v0.10.0_vs2017_release\of_v0.10.0_vs2017_release\apps\myapps\addons\ofxgui\src\ofxlabel.obj
c:\users\asian\desktop\of_v0.10.0_vs2017_release\of_v0.10.0_vs2017_release\apps\myapps\addons\ofxgui\src\ofxslidergroup.obj
c:\users\asian\desktop\of_v0.10.0_vs2017_release\of_v0.10.0_vs2017_release\apps\myapps\addons\ofxgui\src\ofxbutton.obj
c:\users\asian\desktop\of_v0.10.0_vs2017_release\of_v0.10.0_vs2017_release\apps\myapps\addons\ofxgui\src\ofxtoggle.obj
c:\users\asian\desktop\of_v0.10.0_vs2017_release\of_v0.10.0_vs2017_release\apps\myapps\addons\ofxgui\src\ofxinputfield.obj
c:\users\asian\desktop\of_v0.10.0_vs2017_release\of_v0.10.0_vs2017_release\apps\myapps\piscis\obj\debug\src\boid.obj
c:\users\asian\desktop\of_v0.10.0_vs2017_release\of_v0.10.0_vs2017_release\apps\myapps\piscis\bin\piscis_debug.exe
c:\users\asian\desktop\of_v0.10.0_vs2017_release\of_v0.10.0_vs2017_release\apps\myapps\piscis\bin\piscis_debug.ilk
c:\users\asian\desktop\of_v0.10.0_vs2017_release\of_v0.10.0_vs2017_release\apps\myapps\piscis\bin\piscis_debug.pdb
c:\users\asian\desktop\of_v0.10.0_vs2017_release\of_v0.10.0_vs2017_release\apps\myapps\piscis\bin\piscis_debug.lib
c:\users\asian\desktop\of_v0.10.0_vs2017_release\of_v0.10.0_vs2017_release\apps\myapps\piscis\bin\piscis_debug.exp
c:\users\asian\desktop\of_v0.10.0_vs2017_release\of_v0.10.0_vs2017_release\apps\myapps\piscis\obj\debug\icon.res
c:\users\asian\desktop\of_v0.10.0_vs2017_release\of_v0.10.0_vs2017_release\apps\myapps\piscis\obj\debug\piscis.tlog\cl.command.1.tlog
c:\users\asian\desktop\of_v0.10.0_vs2017_release\of_v0.10.0_vs2017_release\apps\myapps\piscis\obj\debug\piscis.tlog\cl.read.1.tlog
c:\users\asian\desktop\of_v0.10.0_vs2017_release\of_v0.10.0_vs2017_release\apps\myapps\piscis\obj\debug\piscis.tlog\cl.write.1.tlog
c:\users\asian\desktop\of_v0.10.0_vs2017_release\of_v0.10.0_vs2017_release\apps\myapps\piscis\obj\debug\piscis.tlog\link.command.1.tlog
c:\users\asian\desktop\of_v0.10.0_vs2017_release\of_v0.10.0_vs2017_release\apps\myapps\piscis\obj\debug\piscis.tlog\link.read.1.tlog
c:\users\asian\desktop\of_v0.10.0_vs2017_release\of_v0.10.0_vs2017_release\apps\myapps\piscis\obj\debug\piscis.tlog\link.write.1.tlog
c:\users\asian\desktop\of_v0.10.0_vs2017_release\of_v0.10.0_vs2017_release\apps\myapps\piscis\obj\debug\piscis.tlog\piscis.write.1u.tlog
c:\users\asian\desktop\of_v0.10.0_vs2017_release\of_v0.10.0_vs2017_release\apps\myapps\piscis\obj\debug\piscis.tlog\rc.command.1.tlog
c:\users\asian\desktop\of_v0.10.0_vs2017_release\of_v0.10.0_vs2017_release\apps\myapps\piscis\obj\debug\piscis.tlog\rc.read.1.tlog
c:\users\asian\desktop\of_v0.10.0_vs2017_release\of_v0.10.0_vs2017_release\apps\myapps\piscis\obj\debug\piscis.tlog\rc.write.1.tlog
